[debug] [2018-04-06T10:45:39.416Z] ----------------------------------------------------------------------
[debug] [2018-04-06T10:45:39.418Z] Command:       /Users/deeprajpandey/.nvm/versions/node/v8.10.0/bin/node /Users/deeprajpandey/.nvm/versions/node/v8.10.0/bin/firebase serve
[debug] [2018-04-06T10:45:39.418Z] CLI Version:   3.18.1
[debug] [2018-04-06T10:45:39.418Z] Platform:      darwin
[debug] [2018-04-06T10:45:39.418Z] Node Version:  v8.10.0
[debug] [2018-04-06T10:45:39.419Z] Time:          Fri Apr 06 2018 16:15:39 GMT+0530 (IST)
[debug] [2018-04-06T10:45:39.419Z] ----------------------------------------------------------------------
[debug] 
[debug] [2018-04-06T10:45:39.431Z] > command requires scopes: ["email","openid","https://www.googleapis.com/auth/cloudplatformprojects.readonly","https://www.googleapis.com/auth/firebase","https://www.googleapis.com/auth/cloud-platform"]
[debug] [2018-04-06T10:45:39.431Z] > authorizing via signed-in user
[debug] [2018-04-06T10:45:39.433Z] > refreshing access token with scopes: ["email","https://www.googleapis.com/auth/cloud-platform","https://www.googleapis.com/auth/cloudplatformprojects.readonly","https://www.googleapis.com/auth/firebase","openid"]
[debug] [2018-04-06T10:45:39.433Z] >>> HTTP REQUEST POST https://www.googleapis.com/oauth2/v3/token  
 { refresh_token: '1/eEkYklgDBpFtb5cHa6QlXA4I_ZgMtNQKzEFjdXmFfUSrq6q71R8l1un8FOXi0Os_',
  client_id: '563584335869-fgrhgmd47bqnekij5i8b5pr03ho849e6.apps.googleusercontent.com',
  client_secret: 'j9iVZfS8kkCEFUPaAeJV0sAi',
  grant_type: 'refresh_token',
  scope: 'email https://www.googleapis.com/auth/cloud-platform https://www.googleapis.com/auth/cloudplatformprojects.readonly https://www.googleapis.com/auth/firebase openid' } 
 Fri Apr 06 2018 16:15:39 GMT+0530 (IST)
[debug] [2018-04-06T10:45:39.998Z] <<< HTTP RESPONSE 200
[debug] [2018-04-06T10:45:40.028Z] >>> HTTP REQUEST GET https://admin.firebase.com/v1/projects/isitsafe-76bf3  
  
 Fri Apr 06 2018 16:15:40 GMT+0530 (IST)
[debug] [2018-04-06T10:45:48.204Z] <<< HTTP RESPONSE 200
[debug] [2018-04-06T10:45:48.207Z] >>> HTTP REQUEST GET https://admin.firebase.com/v1/database/isitsafe-76bf3/tokens  
  
 Fri Apr 06 2018 16:15:48 GMT+0530 (IST)
[debug] [2018-04-06T10:45:50.491Z] <<< HTTP RESPONSE 200
[debug] [2018-04-06T10:45:50.492Z] >>> HTTP REQUEST GET https://cloudresourcemanager.googleapis.com/v1/projects/isitsafe-76bf3  
  
 Fri Apr 06 2018 16:15:50 GMT+0530 (IST)
[debug] [2018-04-06T10:45:52.463Z] <<< HTTP RESPONSE 200
[info] 
[info] === Serving from '/Users/deeprajpandey/Documents/workingdir/hackbmu_hashscript'...
[info] 
[debug] [2018-04-06T10:45:52.466Z] >>> HTTP REQUEST GET https://mobilesdk-pa.googleapis.com/v1/projects/887327659295/clients/_:getWebAppConfig  
  
 Fri Apr 06 2018 16:15:52 GMT+0530 (IST)
[debug] [2018-04-06T10:45:53.666Z] <<< HTTP RESPONSE 200
[info] i  hosting: Serving hosting files from: public
[info] ✔  hosting: Local server: http://localhost:5000

